<?xml version="1.0" encoding="UTF-8"?>
<!-- Generated by org.testng.reporters.JUnitReportReporter -->
<testsuite hostname="PG01LPMW" failures="0" tests="1" name="Sample_google.Sample_web.GoogleSearchTest" time="4.005" errors="0" timestamp="2024-06-25T12:36:40 IST" skipped="0">
  <testcase classname="Sample_google.Sample_web.GoogleSearchTest" name="testGoogleSearch" time="4.005"/>
  <system-out/>
</testsuite> <!-- Sample_google.Sample_web.GoogleSearchTest -->
